0 info it worked if it ends with ok
1 verbose cli [ 'C:\\Program Files\\nodejs\\node.exe',
1 verbose cli   'C:\\Program Files\\nodejs\\node_modules\\npm\\bin\\npm-cli.js',
1 verbose cli   'install',
1 verbose cli   '-g',
1 verbose cli   'jslint' ]
2 info using npm@3.10.10
3 info using node@v6.11.0
4 silly loadCurrentTree Starting
5 silly install loadCurrentTree
6 silly install readGlobalPackageData
7 silly fetchPackageMetaData jslint
8 silly fetchNamedPackageData jslint
9 silly mapToRegistry name jslint
10 silly mapToRegistry using default registry
11 silly mapToRegistry registry https://registry.npmjs.org/
12 silly mapToRegistry data Result {
12 silly mapToRegistry   raw: 'jslint',
12 silly mapToRegistry   scope: null,
12 silly mapToRegistry   escapedName: 'jslint',
12 silly mapToRegistry   name: 'jslint',
12 silly mapToRegistry   rawSpec: '',
12 silly mapToRegistry   spec: 'latest',
12 silly mapToRegistry   type: 'tag' }
13 silly mapToRegistry uri https://registry.npmjs.org/jslint
14 verbose request uri https://registry.npmjs.org/jslint
15 verbose request no auth needed
16 info attempt registry request try #1 at 13:53:16
17 verbose request id 1333937a0300619f
18 http request GET https://registry.npmjs.org/jslint
19 http 200 https://registry.npmjs.org/jslint
20 verbose headers { server: 'nginx/1.10.1',
20 verbose headers   'content-type': 'application/json',
20 verbose headers   'last-modified': 'Tue, 18 Jul 2017 16:45:00 GMT',
20 verbose headers   etag: 'W/"596e3b0c-1d8db"',
20 verbose headers   'content-encoding': 'gzip',
20 verbose headers   'cache-control': 'max-age=300',
20 verbose headers   'content-length': '9061',
20 verbose headers   'accept-ranges': 'bytes',
20 verbose headers   date: 'Fri, 04 Aug 2017 18:53:15 GMT',
20 verbose headers   via: '1.1 varnish',
20 verbose headers   age: '0',
20 verbose headers   connection: 'keep-alive',
20 verbose headers   'x-served-by': 'cache-dca17735-DCA',
20 verbose headers   'x-cache': 'HIT',
20 verbose headers   'x-cache-hits': '1',
20 verbose headers   'x-timer': 'S1501872796.820469,VS0,VE17',
20 verbose headers   vary: 'Accept-Encoding, Accept' }
21 silly get cb [ 200,
21 silly get   { server: 'nginx/1.10.1',
21 silly get     'content-type': 'application/json',
21 silly get     'last-modified': 'Tue, 18 Jul 2017 16:45:00 GMT',
21 silly get     etag: 'W/"596e3b0c-1d8db"',
21 silly get     'content-encoding': 'gzip',
21 silly get     'cache-control': 'max-age=300',
21 silly get     'content-length': '9061',
21 silly get     'accept-ranges': 'bytes',
21 silly get     date: 'Fri, 04 Aug 2017 18:53:15 GMT',
21 silly get     via: '1.1 varnish',
21 silly get     age: '0',
21 silly get     connection: 'keep-alive',
21 silly get     'x-served-by': 'cache-dca17735-DCA',
21 silly get     'x-cache': 'HIT',
21 silly get     'x-cache-hits': '1',
21 silly get     'x-timer': 'S1501872796.820469,VS0,VE17',
21 silly get     vary: 'Accept-Encoding, Accept' } ]
22 verbose get saving jslint to C:\Users\jpfeliciano\AppData\Roaming\npm-cache\registry.npmjs.org\jslint\.cache.json
23 verbose correctMkdir C:\Users\jpfeliciano\AppData\Roaming\npm-cache correctMkdir not in flight; initializing
24 silly install normalizeTree
25 silly loadCurrentTree Finishing
26 silly loadIdealTree Starting
27 silly install loadIdealTree
28 silly cloneCurrentTree Starting
29 silly install cloneCurrentTreeToIdealTree
30 silly cloneCurrentTree Finishing
31 silly loadShrinkwrap Starting
32 silly install loadShrinkwrap
33 silly loadShrinkwrap Finishing
34 silly loadAllDepsIntoIdealTree Starting
35 silly install loadAllDepsIntoIdealTree
36 silly resolveWithNewModule jslint@0.11.0 checking installable status
37 silly cache add args [ 'jslint', null ]
38 verbose cache add spec jslint
39 silly cache add parsed spec Result {
39 silly cache add   raw: 'jslint',
39 silly cache add   scope: null,
39 silly cache add   escapedName: 'jslint',
39 silly cache add   name: 'jslint',
39 silly cache add   rawSpec: '',
39 silly cache add   spec: 'latest',
39 silly cache add   type: 'tag' }
40 silly addNamed jslint@latest
41 verbose addNamed "latest" is being treated as a dist-tag for jslint
42 info addNameTag [ 'jslint', 'latest' ]
43 silly mapToRegistry name jslint
44 silly mapToRegistry using default registry
45 silly mapToRegistry registry https://registry.npmjs.org/
46 silly mapToRegistry data Result {
46 silly mapToRegistry   raw: 'jslint',
46 silly mapToRegistry   scope: null,
46 silly mapToRegistry   escapedName: 'jslint',
46 silly mapToRegistry   name: 'jslint',
46 silly mapToRegistry   rawSpec: '',
46 silly mapToRegistry   spec: 'latest',
46 silly mapToRegistry   type: 'tag' }
47 silly mapToRegistry uri https://registry.npmjs.org/jslint
48 verbose addNameTag registry:https://registry.npmjs.org/jslint not in flight; fetching
49 verbose get https://registry.npmjs.org/jslint not expired, no request
50 silly addNameTag next cb for jslint with tag latest
51 silly addNamed jslint@0.11.0
52 verbose addNamed "0.11.0" is a plain semver version for jslint
53 silly mapToRegistry name jslint
54 silly mapToRegistry using default registry
55 silly mapToRegistry registry https://registry.npmjs.org/
56 silly mapToRegistry data Result {
56 silly mapToRegistry   raw: 'jslint',
56 silly mapToRegistry   scope: null,
56 silly mapToRegistry   escapedName: 'jslint',
56 silly mapToRegistry   name: 'jslint',
56 silly mapToRegistry   rawSpec: '',
56 silly mapToRegistry   spec: 'latest',
56 silly mapToRegistry   type: 'tag' }
57 silly mapToRegistry uri https://registry.npmjs.org/jslint
58 verbose addRemoteTarball https://registry.npmjs.org/jslint/-/jslint-0.11.0.tgz not in flight; adding
59 verbose addRemoteTarball [ 'https://registry.npmjs.org/jslint/-/jslint-0.11.0.tgz',
59 verbose addRemoteTarball   '7b852bf85d96c5a2ffc13f83670aff6d117c9eae' ]
60 info retry fetch attempt 1 at 13:53:18
61 info attempt registry request try #1 at 13:53:18
62 http fetch GET https://registry.npmjs.org/jslint/-/jslint-0.11.0.tgz
63 http fetch 200 https://registry.npmjs.org/jslint/-/jslint-0.11.0.tgz
64 info retry will retry, error on last attempt: Error: read ECONNRESET
65 silly fetchAndShaCheck shasum 7b852bf85d96c5a2ffc13f83670aff6d117c9eae
66 silly rollbackFailedOptional Starting
67 silly rollbackFailedOptional Finishing
68 silly runTopLevelLifecycles Finishing
69 silly install printInstalled
70 verbose stack Error: shasum check failed for C:\Users\JPFELI~1\AppData\Local\Temp\npm-10660-dc947184\registry.npmjs.org\jslint\-\jslint-0.11.0.tgz
70 verbose stack Expected: 7b852bf85d96c5a2ffc13f83670aff6d117c9eae
70 verbose stack Actual:   7750e52363024ae8b3e70809a9f470835e1e5130
70 verbose stack From:     https://registry.npmjs.org/jslint/-/jslint-0.11.0.tgz
70 verbose stack     at C:\Program Files\nodejs\node_modules\npm\node_modules\sha\index.js:25:8
70 verbose stack     at ReadStream.<anonymous> (C:\Program Files\nodejs\node_modules\npm\node_modules\sha\index.js:72:7)
70 verbose stack     at emitNone (events.js:91:20)
70 verbose stack     at ReadStream.emit (events.js:185:7)
70 verbose stack     at endReadableNT (_stream_readable.js:974:12)
70 verbose stack     at _combinedTickCallback (internal/process/next_tick.js:80:11)
70 verbose stack     at process._tickCallback (internal/process/next_tick.js:104:9)
71 verbose cwd C:\Users\jpfeliciano\Development\wizeline\Chess
72 error Windows_NT 10.0.15063
73 error argv "C:\\Program Files\\nodejs\\node.exe" "C:\\Program Files\\nodejs\\node_modules\\npm\\bin\\npm-cli.js" "install" "-g" "jslint"
74 error node v6.11.0
75 error npm  v3.10.10
76 error shasum check failed for C:\Users\JPFELI~1\AppData\Local\Temp\npm-10660-dc947184\registry.npmjs.org\jslint\-\jslint-0.11.0.tgz
76 error Expected: 7b852bf85d96c5a2ffc13f83670aff6d117c9eae
76 error Actual:   7750e52363024ae8b3e70809a9f470835e1e5130
76 error From:     https://registry.npmjs.org/jslint/-/jslint-0.11.0.tgz
77 error If you need help, you may report this error at:
77 error     <https://github.com/npm/npm/issues>
78 verbose exit [ 1, true ]
